# JRE version: OpenJDK Runtime Environment (11.0.10) (build 11.0.10+0-b96-7249189)
# Java VM: OpenJDK 64-Bit Server VM (11.0.10+0-b96-7249189, mixed mode, tiered, compressed oops, g1 gc, windows-amd64)
Heap:
 garbage-first heap   total 313344K, used 147794K [0x0000000080000000, 0x0000000100000000)
  region size 1024K, 1 young (1024K), 1 survivors (1024K)
 Metaspace       used 131699K, capacity 135023K, committed 135116K, reserved 1167360K
  class space    used 16269K, capacity 17527K, committed 17612K, reserved 1048576K
GC Heap History (20 events):
Event: 1086.705 GC heap after
{Heap after GC invocations=109 (full 0):
 garbage-first heap   total 227328K, used 144754K [0x0000000080000000, 0x0000000100000000)
  region size 1024K, 7 young (7168K), 7 survivors (7168K)
 Metaspace       used 130608K, capacity 133882K, committed 133964K, reserved 1165312K
  class space    used 16247K, capacity 17458K, committed 17484K, reserved 1048576K
}
Event: 1086.743 GC heap before
{Heap before GC invocations=109 (full 0):
 garbage-first heap   total 227328K, used 148850K [0x0000000080000000, 0x0000000100000000)
  region size 1024K, 11 young (11264K), 7 survivors (7168K)
 Metaspace       used 130664K, capacity 133953K, committed 134220K, reserved 1165312K
  class space    used 16247K, capacity 17458K, committed 17484K, reserved 1048576K
}
Event: 1086.758 GC heap after
{Heap after GC invocations=110 (full 0):
 garbage-first heap   total 227328K, used 145636K [0x0000000080000000, 0x0000000100000000)
  region size 1024K, 2 young (2048K), 2 survivors (2048K)
 Metaspace       used 130664K, capacity 133953K, committed 134220K, reserved 1165312K
  class space    used 16247K, capacity 17458K, committed 17484K, reserved 1048576K
}
Event: 1087.221 GC heap before
{Heap before GC invocations=110 (full 0):
 garbage-first heap   total 227328K, used 183524K [0x0000000080000000, 0x0000000100000000)
  region size 1024K, 39 young (39936K), 2 survivors (2048K)
 Metaspace       used 131089K, capacity 134350K, committed 134476K, reserved 1167360K
  class space    used 16252K, capacity 17460K, committed 17484K, reserved 1048576K
}
Event: 1087.233 GC heap after
{Heap after GC invocations=111 (full 0):
 garbage-first heap   total 227328K, used 148070K [0x0000000080000000, 0x0000000100000000)
  region size 1024K, 4 young (4096K), 4 survivors (4096K)
 Metaspace       used 131089K, capacity 134350K, committed 134476K, reserved 1167360K
  class space    used 16252K, capacity 17460K, committed 17484K, reserved 1048576K
}
Event: 1088.488 GC heap before
{Heap before GC invocations=112 (full 0):
 garbage-first heap   total 227328K, used 191078K [0x0000000080000000, 0x0000000100000000)
  region size 1024K, 41 young (41984K), 4 survivors (4096K)
 Metaspace       used 131369K, capacity 134653K, committed 134860K, reserved 1167360K
  class space    used 16255K, capacity 17493K, committed 17612K, reserved 1048576K
}
Event: 1088.502 GC heap after
{Heap after GC invocations=113 (full 0):
 garbage-first heap   total 227328K, used 151367K [0x0000000080000000, 0x0000000100000000)
  region size 1024K, 6 young (6144K), 6 survivors (6144K)
 Metaspace       used 131369K, capacity 134653K, committed 134860K, reserved 1167360K
  class space    used 16255K, capacity 17493K, committed 17612K, reserved 1048576K
}
Event: 1088.520 GC heap before
{Heap before GC invocations=113 (full 0):
 garbage-first heap   total 227328K, used 155463K [0x0000000080000000, 0x0000000100000000)
  region size 1024K, 11 young (11264K), 6 survivors (6144K)
 Metaspace       used 131451K, capacity 134720K, committed 134860K, reserved 1167360K
  class space    used 16255K, capacity 17493K, committed 17612K, reserved 1048576K
}
Event: 1088.534 GC heap after
{Heap after GC invocations=114 (full 0):
 garbage-first heap   total 227328K, used 151082K [0x0000000080000000, 0x0000000100000000)
  region size 1024K, 1 young (1024K), 1 survivors (1024K)
 Metaspace       used 131451K, capacity 134720K, committed 134860K, reserved 1167360K
  class space    used 16255K, capacity 17493K, committed 17612K, reserved 1048576K
}
Event: 1088.680 GC heap before
{Heap before GC invocations=114 (full 0):
 garbage-first heap   total 227328K, used 186922K [0x0000000080000000, 0x0000000100000000)
  region size 1024K, 37 young (37888K), 1 survivors (1024K)
 Metaspace       used 131491K, capacity 134785K, committed 135116K, reserved 1167360K
  class space    used 16256K, capacity 17493K, committed 17612K, reserved 1048576K
}
Event: 1088.740 GC heap after
{Heap after GC invocations=115 (full 0):
 garbage-first heap   total 227328K, used 159125K [0x0000000080000000, 0x0000000100000000)
  region size 1024K, 5 young (5120K), 5 survivors (5120K)
 Metaspace       used 131491K, capacity 134785K, committed 135116K, reserved 1167360K
  class space    used 16256K, capacity 17493K, committed 17612K, reserved 1048576K
}
Event: 1088.940 GC heap before
{Heap before GC invocations=115 (full 0):
 garbage-first heap   total 227328K, used 187797K [0x0000000080000000, 0x0000000100000000)
  region size 1024K, 34 young (34816K), 5 survivors (5120K)
 Metaspace       used 131575K, capacity 134888K, committed 135116K, reserved 1167360K
  class space    used 16268K, capacity 17527K, committed 17612K, reserved 1048576K
}
Event: 1088.961 GC heap after
{Heap after GC invocations=116 (full 0):
 garbage-first heap   total 227328K, used 164864K [0x0000000080000000, 0x0000000100000000)
  region size 1024K, 5 young (5120K), 5 survivors (5120K)
 Metaspace       used 131575K, capacity 134888K, committed 135116K, reserved 1167360K
  class space    used 16268K, capacity 17527K, committed 17612K, reserved 1048576K
}
Event: 1089.238 GC heap before
{Heap before GC invocations=116 (full 0):
 garbage-first heap   total 227328K, used 189440K [0x0000000080000000, 0x0000000100000000)
  region size 1024K, 30 young (30720K), 5 survivors (5120K)
 Metaspace       used 131649K, capacity 134959K, committed 135116K, reserved 1167360K
  class space    used 16269K, capacity 17527K, committed 17612K, reserved 1048576K
}
Event: 1089.256 GC heap after
{Heap after GC invocations=117 (full 0):
 garbage-first heap   total 227328K, used 166473K [0x0000000080000000, 0x0000000100000000)
  region size 1024K, 2 young (2048K), 2 survivors (2048K)
 Metaspace       used 131649K, capacity 134959K, committed 135116K, reserved 1167360K
  class space    used 16269K, capacity 17527K, committed 17612K, reserved 1048576K
}
Event: 1089.519 GC heap before
{Heap before GC invocations=118 (full 0):
 garbage-first heap   total 227328K, used 192073K [0x0000000080000000, 0x0000000100000000)
  region size 1024K, 27 young (27648K), 2 survivors (2048K)
 Metaspace       used 131697K, capacity 135023K, committed 135116K, reserved 1167360K
  class space    used 16269K, capacity 17527K, committed 17612K, reserved 1048576K
}
Event: 1089.527 GC heap after
{Heap after GC invocations=119 (full 0):
 garbage-first heap   total 227328K, used 165968K [0x0000000080000000, 0x0000000100000000)
  region size 1024K, 2 young (2048K), 2 survivors (2048K)
 Metaspace       used 131697K, capacity 135023K, committed 135116K, reserved 1167360K
  class space    used 16269K, capacity 17527K, committed 17612K, reserved 1048576K
}
Event: 1089.580 GC heap before
{Heap before GC invocations=119 (full 0):
 garbage-first heap   total 227328K, used 175184K [0x0000000080000000, 0x0000000100000000)
  region size 1024K, 11 young (11264K), 2 survivors (2048K)
 Metaspace       used 131698K, capacity 135023K, committed 135116K, reserved 1167360K
  class space    used 16269K, capacity 17527K, committed 17612K, reserved 1048576K
}
Event: 1089.597 GC heap after
{Heap after GC invocations=120 (full 0):
 garbage-first heap   total 227328K, used 147680K [0x0000000080000000, 0x0000000100000000)
  region size 1024K, 2 young (2048K), 2 survivors (2048K)
 Metaspace       used 131698K, capacity 135023K, committed 135116K, reserved 1167360K
  class space    used 16269K, capacity 17527K, committed 17612K, reserved 1048576K
}
Event: 1089.712 GC heap before
{Heap before GC invocations=120 (full 0):
 garbage-first heap   total 227328K, used 155872K [0x0000000080000000, 0x0000000100000000)
  region size 1024K, 11 young (11264K), 2 survivors (2048K)
 Metaspace       used 131699K, capacity 135023K, committed 135116K, reserved 1167360K
  class space    used 16269K, capacity 17527K, committed 17612K, reserved 1048576K
}

